{"/home/rhomennik/intro-react/code/m02/applications/github-app/src/utils/pagination/index.js": {"path":"/home/rhomennik/intro-react/code/m02/applications/github-app/src/utils/pagination/index.js","statementMap":{"0":{"start":{"line":2,"column":19},"end":{"line":7,"column":1}},"1":{"start":{"line":3,"column":2},"end":{"line":5,"column":3}},"2":{"start":{"line":4,"column":4},"end":{"line":4,"column":12}},"3":{"start":{"line":6,"column":2},"end":{"line":6,"column":23}},"4":{"start":{"line":8,"column":19},"end":{"line":23,"column":1}},"5":{"start":{"line":9,"column":2},"end":{"line":11,"column":3}},"6":{"start":{"line":10,"column":4},"end":{"line":10,"column":57}},"7":{"start":{"line":10,"column":51},"end":{"line":10,"column":56}},"8":{"start":{"line":13,"column":23},"end":{"line":13,"column":24}},"9":{"start":{"line":14,"column":14},"end":{"line":18,"column":3}},"10":{"start":{"line":16,"column":54},"end":{"line":16,"column":90}},"11":{"start":{"line":20,"column":2},"end":{"line":20,"column":79}},"12":{"start":{"line":20,"column":48},"end":{"line":20,"column":78}},"13":{"start":{"line":22,"column":2},"end":{"line":22,"column":14}}},"fnMap":{"0":{"name":"(anonymous_0)","decl":{"start":{"line":2,"column":19},"end":{"line":2,"column":20}},"loc":{"start":{"line":2,"column":46},"end":{"line":7,"column":1}},"line":2},"1":{"name":"(anonymous_1)","decl":{"start":{"line":8,"column":19},"end":{"line":8,"column":20}},"loc":{"start":{"line":8,"column":46},"end":{"line":23,"column":1}},"line":8},"2":{"name":"(anonymous_2)","decl":{"start":{"line":10,"column":41},"end":{"line":10,"column":42}},"loc":{"start":{"line":10,"column":51},"end":{"line":10,"column":56}},"line":10},"3":{"name":"(anonymous_3)","decl":{"start":{"line":16,"column":44},"end":{"line":16,"column":45}},"loc":{"start":{"line":16,"column":54},"end":{"line":16,"column":90}},"line":16},"4":{"name":"(anonymous_4)","decl":{"start":{"line":20,"column":23},"end":{"line":20,"column":24}},"loc":{"start":{"line":20,"column":48},"end":{"line":20,"column":78}},"line":20}},"branchMap":{"0":{"loc":{"start":{"line":3,"column":2},"end":{"line":5,"column":3}},"type":"if","locations":[{"start":{"line":3,"column":2},"end":{"line":5,"column":3}},{"start":{"line":3,"column":2},"end":{"line":5,"column":3}}],"line":3},"1":{"loc":{"start":{"line":9,"column":2},"end":{"line":11,"column":3}},"type":"if","locations":[{"start":{"line":9,"column":2},"end":{"line":11,"column":3}},{"start":{"line":9,"column":2},"end":{"line":11,"column":3}}],"line":9}},"s":{"0":1,"1":9,"2":3,"3":6,"4":1,"5":6,"6":3,"7":8,"8":3,"9":3,"10":9,"11":3,"12":15,"13":3},"f":{"0":9,"1":6,"2":8,"3":9,"4":15},"b":{"0":[3,6],"1":[3,3]},"_coverageSchema":"332fd63041d2c1bcb487cc26dd0d5f7d97098a6c","hash":"5ef9474d0278d094bf6175e8f4fdf47f2e86f338"}
}
