TN:
SF:/home/rhomennik/intro-react/code/m02/applications/github-app/src/utils/pagination/index.js
FN:2,(anonymous_0)
FN:15,(anonymous_1)
FN:17,(anonymous_2)
FN:26,(anonymous_3)
FN:32,(anonymous_4)
FN:36,(anonymous_5)
FNF:6
FNH:6
FNDA:39,(anonymous_0)
FNDA:39,(anonymous_1)
FNDA:20,(anonymous_2)
FNDA:10,(anonymous_3)
FNDA:39,(anonymous_4)
FNDA:65,(anonymous_5)
DA:2,39
DA:15,39
DA:17,1
DA:18,20
DA:19,1
DA:22,19
DA:23,1
DA:25,18
DA:26,10
DA:29,13
DA:30,13
DA:32,39
DA:36,65
DA:38,13
DA:39,13
DA:41,13
DA:42,2
DA:49,13
DA:50,13
DA:52,13
DA:53,2
DA:60,13
DA:61,13
DA:63,13
DA:64,6
DA:71,13
DA:72,13
DA:74,13
DA:75,5
DA:82,13
LF:30
LH:30
BRDA:2,0,0,6
BRDA:2,0,1,33
BRDA:3,1,0,6
BRDA:3,1,1,27
BRDA:17,2,0,1
BRDA:17,3,0,2
BRDA:17,4,0,3
BRDA:18,5,0,1
BRDA:18,5,1,19
BRDA:22,6,0,1
BRDA:22,6,1,18
BRDA:25,7,0,5
BRDA:25,7,1,13
BRDA:41,8,0,2
BRDA:41,8,1,11
BRDA:52,9,0,2
BRDA:52,9,1,11
BRDA:63,10,0,6
BRDA:63,10,1,7
BRDA:74,11,0,5
BRDA:74,11,1,8
BRF:21
BRH:21
end_of_record
