TN:
SF:/home/rhomennik/intro-react/code/m02/applications/github-app/src/utils/pagination/index.js
FN:2,(anonymous_0)
FN:8,(anonymous_1)
FN:10,(anonymous_2)
FN:16,(anonymous_3)
FN:20,(anonymous_4)
FNF:5
FNH:5
FNDA:12,(anonymous_0)
FNDA:7,(anonymous_1)
FNDA:8,(anonymous_2)
FNDA:12,(anonymous_3)
FNDA:20,(anonymous_4)
DA:2,1
DA:3,12
DA:4,3
DA:6,9
DA:8,1
DA:9,7
DA:10,8
DA:13,4
DA:14,4
DA:16,12
DA:20,20
DA:22,4
DA:23,4
DA:25,4
DA:26,1
DA:33,4
DA:34,4
DA:36,4
DA:37,2
DA:44,4
LF:20
LH:20
BRDA:3,0,0,3
BRDA:3,0,1,9
BRDA:9,1,0,3
BRDA:9,1,1,4
BRDA:25,2,0,1
BRDA:25,2,1,3
BRDA:36,3,0,2
BRDA:36,3,1,2
BRF:8
BRH:8
end_of_record
