<?xml version="1.0" encoding="UTF-8"?>
<coverage generated="1554235751783" clover="3.2.0">
  <project timestamp="1554235751783" name="All files">
    <metrics statements="26" coveredstatements="26" conditionals="8" coveredconditionals="8" methods="8" coveredmethods="8" elements="42" coveredelements="42" complexity="0" loc="26" ncloc="26" packages="2" files="7" classes="7">
      <package name="reduce">
        <metrics statements="21" coveredstatements="21" conditionals="8" coveredconditionals="8" methods="7" coveredmethods="7"/>
        <file name="main-reduce-recursive.js" path="/home/rhomennik/intro-react/code/m02/jest-in-practice/src/reduce/main-reduce-recursive.js">
          <metrics statements="8" coveredstatements="8" conditionals="6" coveredconditionals="6" methods="4" coveredmethods="4"/>
          <line num="3" count="14" type="stmt"/>
          <line num="5" count="1" type="stmt"/>
          <line num="6" count="7" type="cond" truecount="2" falsecount="0"/>
          <line num="7" count="7" type="cond" truecount="2" falsecount="0"/>
          <line num="9" count="7" type="stmt"/>
          <line num="10" count="24" type="stmt"/>
          <line num="11" count="24" type="stmt"/>
          <line num="12" count="24" type="cond" truecount="2" falsecount="0"/>
        </file>
        <file name="main-reduce.js" path="/home/rhomennik/intro-react/code/m02/jest-in-practice/src/reduce/main-reduce.js">
          <metrics statements="9" coveredstatements="9" conditionals="2" coveredconditionals="2" methods="1" coveredmethods="1"/>
          <line num="3" count="1" type="stmt"/>
          <line num="4" count="7" type="stmt"/>
          <line num="5" count="7" type="stmt"/>
          <line num="7" count="7" type="cond" truecount="2" falsecount="0"/>
          <line num="8" count="1" type="stmt"/>
          <line num="9" count="1" type="stmt"/>
          <line num="11" count="7" type="stmt"/>
          <line num="12" count="17" type="stmt"/>
          <line num="15" count="7" type="stmt"/>
        </file>
        <file name="reduce-recursive.js" path="/home/rhomennik/intro-react/code/m02/jest-in-practice/src/reduce/reduce-recursive.js">
          <metrics statements="1" coveredstatements="1" conditionals="0" coveredconditionals="0" methods="0" coveredmethods="0"/>
          <line num="4" count="1" type="stmt"/>
        </file>
        <file name="reduce-right-recursive.js" path="/home/rhomennik/intro-react/code/m02/jest-in-practice/src/reduce/reduce-right-recursive.js">
          <metrics statements="1" coveredstatements="1" conditionals="0" coveredconditionals="0" methods="1" coveredmethods="1"/>
          <line num="6" count="1" type="stmt"/>
        </file>
        <file name="reduce-right.js" path="/home/rhomennik/intro-react/code/m02/jest-in-practice/src/reduce/reduce-right.js">
          <metrics statements="1" coveredstatements="1" conditionals="0" coveredconditionals="0" methods="1" coveredmethods="1"/>
          <line num="6" count="1" type="stmt"/>
        </file>
        <file name="reduce.js" path="/home/rhomennik/intro-react/code/m02/jest-in-practice/src/reduce/reduce.js">
          <metrics statements="1" coveredstatements="1" conditionals="0" coveredconditionals="0" methods="0" coveredmethods="0"/>
          <line num="5" count="1" type="stmt"/>
        </file>
      </package>
      <package name="reverse">
        <metrics statements="5" coveredstatements="5" conditionals="0" coveredconditionals="0" methods="1" coveredmethods="1"/>
        <file name="reverse.js" path="/home/rhomennik/intro-react/code/m02/jest-in-practice/src/reverse/reverse.js">
          <metrics statements="5" coveredstatements="5" conditionals="0" coveredconditionals="0" methods="1" coveredmethods="1"/>
          <line num="3" count="2" type="stmt"/>
          <line num="4" count="2" type="stmt"/>
          <line num="5" count="2" type="stmt"/>
          <line num="6" count="6" type="stmt"/>
          <line num="9" count="2" type="stmt"/>
        </file>
      </package>
    </metrics>
  </project>
</coverage>
