<?xml version="1.0" encoding="UTF-8"?>
<coverage generated="1553717121274" clover="3.2.0">
  <project timestamp="1553717121274" name="All files">
    <metrics statements="2" coveredstatements="1" conditionals="2" coveredconditionals="0" methods="1" coveredmethods="0" elements="5" coveredelements="1" complexity="0" loc="2" ncloc="2" packages="1" files="1" classes="1"/>
    <file name="sum.js" path="C:\Users\R              h ome\Desktop\intro-react\code\m02\jest-in-practice\sum.js">
      <metrics statements="2" coveredstatements="1" conditionals="2" coveredconditionals="0" methods="1" coveredmethods="0"/>
      <line num="1" count="1" type="stmt"/>
      <line num="2" count="0" type="cond" truecount="0" falsecount="2"/>
    </file>
  </project>
</coverage>
