{"/home/rhomennik/intro-react/code/m02/jest-in-practice/src/map/map.js": {"path":"/home/rhomennik/intro-react/code/m02/jest-in-practice/src/map/map.js","statementMap":{"0":{"start":{"line":2,"column":12},"end":{"line":13,"column":1}},"1":{"start":{"line":2,"column":39},"end":{"line":2,"column":43}},"2":{"start":{"line":3,"column":4},"end":{"line":5,"column":5}},"3":{"start":{"line":4,"column":8},"end":{"line":4,"column":74}},"4":{"start":{"line":6,"column":4},"end":{"line":8,"column":5}},"5":{"start":{"line":7,"column":8},"end":{"line":7,"column":70}},"6":{"start":{"line":9,"column":13},"end":{"line":9,"column":15}},"7":{"start":{"line":10,"column":8},"end":{"line":11,"column":45}},"8":{"start":{"line":11,"column":12},"end":{"line":11,"column":45}},"9":{"start":{"line":12,"column":16},"end":{"line":12,"column":29}}},"fnMap":{"0":{"name":"(anonymous_0)","decl":{"start":{"line":2,"column":12},"end":{"line":2,"column":13}},"loc":{"start":{"line":2,"column":48},"end":{"line":13,"column":1}},"line":2},"1":{"name":"(anonymous_1)","decl":{"start":{"line":2,"column":29},"end":{"line":2,"column":30}},"loc":{"start":{"line":2,"column":39},"end":{"line":2,"column":43}},"line":2}},"branchMap":{"0":{"loc":{"start":{"line":2,"column":13},"end":{"line":2,"column":21}},"type":"default-arg","locations":[{"start":{"line":2,"column":19},"end":{"line":2,"column":21}}],"line":2},"1":{"loc":{"start":{"line":2,"column":23},"end":{"line":2,"column":43}},"type":"default-arg","locations":[{"start":{"line":2,"column":29},"end":{"line":2,"column":43}}],"line":2},"2":{"loc":{"start":{"line":3,"column":4},"end":{"line":5,"column":5}},"type":"if","locations":[{"start":{"line":3,"column":4},"end":{"line":5,"column":5}},{"start":{"line":3,"column":4},"end":{"line":5,"column":5}}],"line":3},"3":{"loc":{"start":{"line":6,"column":4},"end":{"line":8,"column":5}},"type":"if","locations":[{"start":{"line":6,"column":4},"end":{"line":8,"column":5}},{"start":{"line":6,"column":4},"end":{"line":8,"column":5}}],"line":6}},"s":{"0":1,"1":2,"2":13,"3":3,"4":10,"5":2,"6":8,"7":8,"8":14,"9":8},"f":{"0":13,"1":2},"b":{"0":[1],"1":[5],"2":[3,10],"3":[2,8]},"_coverageSchema":"332fd63041d2c1bcb487cc26dd0d5f7d97098a6c","hash":"1b7e60a9385fd5ab9784fb6afb5d9f865d3313e7"}
}
