TN:
SF:/home/rhomennik/intro-react/code/m02/jest-in-practice/src/reduce/main-reduce-recursive.js
FN:3,(anonymous_0)
FN:5,(anonymous_1)
FN:9,reduceInterval
FN:11,(anonymous_3)
FNF:4
FNH:4
FNDA:14,(anonymous_0)
FNDA:7,(anonymous_1)
FNDA:24,reduceInterval
FNDA:17,(anonymous_3)
DA:3,14
DA:5,1
DA:6,7
DA:7,7
DA:9,7
DA:10,24
DA:11,24
DA:12,24
LF:8
LH:8
BRDA:6,0,0,1
BRDA:6,0,1,6
BRDA:7,1,0,1
BRDA:7,1,1,6
BRDA:12,2,0,7
BRDA:12,2,1,17
BRF:6
BRH:6
end_of_record
TN:
SF:/home/rhomennik/intro-react/code/m02/jest-in-practice/src/reduce/main-reduce.js
FN:3,(anonymous_0)
FNF:1
FNH:1
FNDA:7,(anonymous_0)
DA:3,1
DA:4,7
DA:5,7
DA:7,7
DA:8,1
DA:9,1
DA:11,7
DA:12,17
DA:15,7
LF:9
LH:9
BRDA:7,0,0,1
BRDA:7,0,1,6
BRF:2
BRH:2
end_of_record
TN:
SF:/home/rhomennik/intro-react/code/m02/jest-in-practice/src/reduce/reduce-recursive.js
FNF:0
FNH:0
DA:4,1
LF:1
LH:1
BRF:0
BRH:0
end_of_record
TN:
SF:/home/rhomennik/intro-react/code/m02/jest-in-practice/src/reduce/reduce-right-recursive.js
FN:6,(anonymous_0)
FNF:1
FNH:1
FNDA:1,(anonymous_0)
DA:6,1
LF:1
LH:1
BRF:0
BRH:0
end_of_record
TN:
SF:/home/rhomennik/intro-react/code/m02/jest-in-practice/src/reduce/reduce-right.js
FN:6,(anonymous_0)
FNF:1
FNH:1
FNDA:1,(anonymous_0)
DA:6,1
LF:1
LH:1
BRF:0
BRH:0
end_of_record
TN:
SF:/home/rhomennik/intro-react/code/m02/jest-in-practice/src/reduce/reduce.js
FNF:0
FNH:0
DA:5,1
LF:1
LH:1
BRF:0
BRH:0
end_of_record
TN:
SF:/home/rhomennik/intro-react/code/m02/jest-in-practice/src/reverse/reverse.js
FN:3,(anonymous_0)
FNF:1
FNH:1
FNDA:2,(anonymous_0)
DA:3,2
DA:4,2
DA:5,2
DA:6,6
DA:9,2
LF:5
LH:5
BRF:0
BRH:0
end_of_record
